# JRE version: OpenJDK Runtime Environment Temurin-21.0.9+10 (21.0.9+10) (build 21.0.9+10-LTS)
# Java VM: OpenJDK 64-Bit Server VM Temurin-21.0.9+10 (21.0.9+10-LTS, mixed mode, sharing, tiered, compressed oops, compressed class ptrs, g1 gc, windows-amd64)
GC Precious Log:
 CardTable entry size: 512
 Card Set container configuration: InlinePtr #cards 5 size 8 Array Of Cards #cards 12 size 40 Howl #buckets 4 coarsen threshold 1843 Howl Bitmap #cards 512 size 80 coarsen threshold 460 Card regions per heap region 1 cards per card region 2048
 CPUs: 8 total, 8 available
 Memory: 7502M
 Large Page Support: Disabled
 NUMA Support: Disabled
 Compressed Oops: Enabled (32-bit)
 Heap Region Size: 1M
 Heap Min Capacity: 8M
 Heap Initial Capacity: 118M
 Heap Max Capacity: 1876M
 Pre-touch: Disabled
 Parallel Workers: 8
 Concurrent Workers: 2
 Concurrent Refinement Workers: 8
 Periodic GC: Disabled
Heap:
 garbage-first heap   total 120832K, used 65024K [0x000000008ac00000, 0x0000000100000000)
  region size 1024K, 9 young (9216K), 7 survivors (7168K)
 Metaspace       used 30496K, committed 30976K, reserved 1114112K
  class space    used 3513K, committed 3712K, reserved 1048576K
GC Heap History (16 events):
Event: 1.927 GC heap before
{Heap before GC invocations=0 (full 0):
 garbage-first heap   total 120832K, used 22528K [0x000000008ac00000, 0x0000000100000000)
  region size 1024K, 23 young (23552K), 0 survivors (0K)
 Metaspace       used 5672K, committed 5888K, reserved 1114112K
  class space    used 670K, committed 768K, reserved 1048576K
}
Event: 1.948 GC heap after
{Heap after GC invocations=1 (full 0):
 garbage-first heap   total 120832K, used 3616K [0x000000008ac00000, 0x0000000100000000)
  region size 1024K, 3 young (3072K), 3 survivors (3072K)
 Metaspace       used 5672K, committed 5888K, reserved 1114112K
  class space    used 670K, committed 768K, reserved 1048576K
}
Event: 4.626 GC heap before
{Heap before GC invocations=1 (full 0):
 garbage-first heap   total 120832K, used 34336K [0x000000008ac00000, 0x0000000100000000)
  region size 1024K, 33 young (33792K), 3 survivors (3072K)
 Metaspace       used 8603K, committed 8768K, reserved 1114112K
  class space    used 1029K, committed 1088K, reserved 1048576K
}
Event: 4.639 GC heap after
{Heap after GC invocations=2 (full 0):
 garbage-first heap   total 120832K, used 4997K [0x000000008ac00000, 0x0000000100000000)
  region size 1024K, 2 young (2048K), 2 survivors (2048K)
 Metaspace       used 8603K, committed 8768K, reserved 1114112K
  class space    used 1029K, committed 1088K, reserved 1048576K
}
Event: 8.474 GC heap before
{Heap before GC invocations=2 (full 0):
 garbage-first heap   total 120832K, used 74629K [0x000000008ac00000, 0x0000000100000000)
  region size 1024K, 70 young (71680K), 2 survivors (2048K)
 Metaspace       used 15705K, committed 15936K, reserved 1114112K
  class space    used 1872K, committed 1984K, reserved 1048576K
}
Event: 8.507 GC heap after
{Heap after GC invocations=3 (full 0):
 garbage-first heap   total 120832K, used 12918K [0x000000008ac00000, 0x0000000100000000)
  region size 1024K, 9 young (9216K), 9 survivors (9216K)
 Metaspace       used 15705K, committed 15936K, reserved 1114112K
  class space    used 1872K, committed 1984K, reserved 1048576K
}
Event: 10.842 GC heap before
{Heap before GC invocations=3 (full 0):
 garbage-first heap   total 120832K, used 75382K [0x000000008ac00000, 0x0000000100000000)
  region size 1024K, 70 young (71680K), 9 survivors (9216K)
 Metaspace       used 16439K, committed 16640K, reserved 1114112K
  class space    used 1903K, committed 1984K, reserved 1048576K
}
Event: 10.879 GC heap after
{Heap after GC invocations=4 (full 0):
 garbage-first heap   total 120832K, used 16662K [0x000000008ac00000, 0x0000000100000000)
  region size 1024K, 5 young (5120K), 5 survivors (5120K)
 Metaspace       used 16439K, committed 16640K, reserved 1114112K
  class space    used 1903K, committed 1984K, reserved 1048576K
}
Event: 13.729 GC heap before
{Heap before GC invocations=4 (full 0):
 garbage-first heap   total 120832K, used 83222K [0x000000008ac00000, 0x0000000100000000)
  region size 1024K, 70 young (71680K), 5 survivors (5120K)
 Metaspace       used 17992K, committed 18304K, reserved 1114112K
  class space    used 2044K, committed 2176K, reserved 1048576K
}
Event: 13.747 GC heap after
{Heap after GC invocations=5 (full 0):
 garbage-first heap   total 120832K, used 19222K [0x000000008ac00000, 0x0000000100000000)
  region size 1024K, 7 young (7168K), 7 survivors (7168K)
 Metaspace       used 17992K, committed 18304K, reserved 1114112K
  class space    used 2044K, committed 2176K, reserved 1048576K
}
Event: 22.602 GC heap before
{Heap before GC invocations=5 (full 0):
 garbage-first heap   total 120832K, used 59158K [0x000000008ac00000, 0x0000000100000000)
  region size 1024K, 42 young (43008K), 7 survivors (7168K)
 Metaspace       used 21144K, committed 21504K, reserved 1114112K
  class space    used 2397K, committed 2560K, reserved 1048576K
}
Event: 22.636 GC heap after
{Heap after GC invocations=6 (full 0):
 garbage-first heap   total 120832K, used 27648K [0x000000008ac00000, 0x0000000100000000)
  region size 1024K, 8 young (8192K), 8 survivors (8192K)
 Metaspace       used 21144K, committed 21504K, reserved 1114112K
  class space    used 2397K, committed 2560K, reserved 1048576K
}
Event: 27.203 GC heap before
{Heap before GC invocations=7 (full 0):
 garbage-first heap   total 92160K, used 91136K [0x000000008ac00000, 0x0000000100000000)
  region size 1024K, 68 young (69632K), 8 survivors (8192K)
 Metaspace       used 26714K, committed 27136K, reserved 1114112K
  class space    used 3070K, committed 3264K, reserved 1048576K
}
Event: 27.250 GC heap after
{Heap after GC invocations=8 (full 0):
 garbage-first heap   total 114688K, used 41984K [0x000000008ac00000, 0x0000000100000000)
  region size 1024K, 9 young (9216K), 9 survivors (9216K)
 Metaspace       used 26714K, committed 27136K, reserved 1114112K
  class space    used 3070K, committed 3264K, reserved 1048576K
}
Event: 35.678 GC heap before
{Heap before GC invocations=8 (full 0):
 garbage-first heap   total 114688K, used 90112K [0x000000008ac00000, 0x0000000100000000)
  region size 1024K, 57 young (58368K), 9 survivors (9216K)
 Metaspace       used 30294K, committed 30848K, reserved 1114112K
  class space    used 3493K, committed 3712K, reserved 1048576K
}
Event: 35.720 GC heap after
{Heap after GC invocations=9 (full 0):
 garbage-first heap   total 114688K, used 45056K [0x000000008ac00000, 0x0000000100000000)
  region size 1024K, 3 young (3072K), 3 survivors (3072K)
 Metaspace       used 30294K, committed 30848K, reserved 1114112K
  class space    used 3493K, committed 3712K, reserved 1048576K
}

